{"/Users/phil/Desktop/inventory-server/src/DBHelper.ts": {"path":"/Users/phil/Desktop/inventory-server/src/DBHelper.ts","statementMap":{"0":{"start":{"line":1,"column":0},"end":{"line":1,"column":45}},"1":{"start":{"line":2,"column":0},"end":{"line":2,"column":35}},"2":{"start":{"line":9,"column":4},"end":{"line":9,"column":null}},"3":{"start":{"line":13,"column":20},"end":{"line":18,"column":null}},"4":{"start":{"line":20,"column":4},"end":{"line":31,"column":null}},"5":{"start":{"line":21,"column":19},"end":{"line":21,"column":70}},"6":{"start":{"line":22,"column":6},"end":{"line":24,"column":null}},"7":{"start":{"line":23,"column":8},"end":{"line":23,"column":null}},"8":{"start":{"line":25,"column":6},"end":{"line":25,"column":null}},"9":{"start":{"line":27,"column":6},"end":{"line":29,"column":null}},"10":{"start":{"line":30,"column":6},"end":{"line":30,"column":null}},"11":{"start":{"line":35,"column":4},"end":{"line":46,"column":null}},"12":{"start":{"line":36,"column":6},"end":{"line":36,"column":null}},"13":{"start":{"line":37,"column":6},"end":{"line":39,"column":null}},"14":{"start":{"line":38,"column":8},"end":{"line":38,"column":null}},"15":{"start":{"line":40,"column":6},"end":{"line":40,"column":null}},"16":{"start":{"line":42,"column":6},"end":{"line":44,"column":null}},"17":{"start":{"line":45,"column":6},"end":{"line":45,"column":null}},"18":{"start":{"line":49,"column":0},"end":{"line":49,"column":null}}},"fnMap":{"0":{"name":"(anonymous_8)","decl":{"start":{"line":8,"column":2},"end":{"line":8,"column":14}},"loc":{"start":{"line":8,"column":28},"end":{"line":10,"column":3}}},"1":{"name":"(anonymous_9)","decl":{"start":{"line":12,"column":15},"end":{"line":12,"column":26}},"loc":{"start":{"line":12,"column":26},"end":{"line":32,"column":null}}},"2":{"name":"(anonymous_11)","decl":{"start":{"line":34,"column":15},"end":{"line":34,"column":31}},"loc":{"start":{"line":34,"column":31},"end":{"line":47,"column":null}}}},"branchMap":{"0":{"loc":{"start":{"line":22,"column":6},"end":{"line":24,"column":null}},"type":"if","locations":[{"start":{"line":22,"column":6},"end":{"line":24,"column":null}},{"start":{"line":22,"column":6},"end":{"line":24,"column":null}}]},"1":{"loc":{"start":{"line":37,"column":6},"end":{"line":39,"column":null}},"type":"if","locations":[{"start":{"line":37,"column":6},"end":{"line":39,"column":null}},{"start":{"line":37,"column":6},"end":{"line":39,"column":null}}]}},"s":{"0":3,"1":3,"2":3,"3":3,"4":3,"5":3,"6":3,"7":0,"8":3,"9":0,"10":0,"11":4,"12":4,"13":4,"14":0,"15":4,"16":0,"17":0,"18":3},"f":{"0":3,"1":3,"2":4},"b":{"0":[0,3],"1":[0,4]}}
,"/Users/phil/Desktop/inventory-server/src/config.jenkins.ts": {"path":"/Users/phil/Desktop/inventory-server/src/config.jenkins.ts","statementMap":{"0":{"start":{"line":1,"column":15},"end":{"line":11,"column":null}},"1":{"start":{"line":13,"column":0},"end":{"line":13,"column":null}}},"fnMap":{},"branchMap":{},"s":{"0":4,"1":4},"f":{},"b":{}}
,"/Users/phil/Desktop/inventory-server/src/models/Item.ts": {"path":"/Users/phil/Desktop/inventory-server/src/models/Item.ts","statementMap":{"0":{"start":{"line":1,"column":0},"end":{"line":1,"column":43}},"1":{"start":{"line":3,"column":19},"end":{"line":16,"column":null}},"2":{"start":{"line":19,"column":0},"end":{"line":21,"column":null}},"3":{"start":{"line":20,"column":2},"end":{"line":20,"column":null}},"4":{"start":{"line":23,"column":13},"end":{"line":23,"column":null}}},"fnMap":{"0":{"name":"(anonymous_6)","decl":{"start":{"line":19,"column":29},"end":{"line":19,"column":null}},"loc":{"start":{"line":19,"column":29},"end":{"line":21,"column":1}}}},"branchMap":{},"s":{"0":2,"1":2,"2":2,"3":18,"4":2},"f":{"0":18},"b":{}}
,"/Users/phil/Desktop/inventory-server/src/models/List.ts": {"path":"/Users/phil/Desktop/inventory-server/src/models/List.ts","statementMap":{"0":{"start":{"line":1,"column":0},"end":{"line":1,"column":43}},"1":{"start":{"line":3,"column":19},"end":{"line":37,"column":null}},"2":{"start":{"line":40,"column":0},"end":{"line":42,"column":null}},"3":{"start":{"line":41,"column":2},"end":{"line":41,"column":null}},"4":{"start":{"line":44,"column":13},"end":{"line":44,"column":null}}},"fnMap":{"0":{"name":"(anonymous_6)","decl":{"start":{"line":40,"column":29},"end":{"line":40,"column":null}},"loc":{"start":{"line":40,"column":29},"end":{"line":42,"column":1}}}},"branchMap":{},"s":{"0":2,"1":2,"2":2,"3":13,"4":2},"f":{"0":13},"b":{}}
,"/Users/phil/Desktop/inventory-server/src/schema/resolvers/itemResolver.ts": {"path":"/Users/phil/Desktop/inventory-server/src/schema/resolvers/itemResolver.ts","statementMap":{"0":{"start":{"line":6,"column":21},"end":{"line":114,"column":null}},"1":{"start":{"line":12,"column":27},"end":{"line":18,"column":null}},"2":{"start":{"line":13,"column":6},"end":{"line":17,"column":null}},"3":{"start":{"line":14,"column":8},"end":{"line":14,"column":null}},"4":{"start":{"line":16,"column":8},"end":{"line":16,"column":null}},"5":{"start":{"line":23,"column":29},"end":{"line":25,"column":null}},"6":{"start":{"line":24,"column":6},"end":{"line":24,"column":null}},"7":{"start":{"line":32,"column":27},"end":{"line":58,"column":null}},"8":{"start":{"line":33,"column":30},"end":{"line":33,"column":39}},"9":{"start":{"line":34,"column":6},"end":{"line":38,"column":null}},"10":{"start":{"line":35,"column":8},"end":{"line":37,"column":null}},"11":{"start":{"line":40,"column":24},"end":{"line":40,"column":72}},"12":{"start":{"line":41,"column":6},"end":{"line":43,"column":null}},"13":{"start":{"line":42,"column":8},"end":{"line":42,"column":null}},"14":{"start":{"line":45,"column":37},"end":{"line":45,"column":41}},"15":{"start":{"line":46,"column":6},"end":{"line":48,"column":null}},"16":{"start":{"line":47,"column":8},"end":{"line":47,"column":null}},"17":{"start":{"line":50,"column":16},"end":{"line":50,"column":18}},"18":{"start":{"line":51,"column":6},"end":{"line":53,"column":null}},"19":{"start":{"line":52,"column":8},"end":{"line":52,"column":null}},"20":{"start":{"line":55,"column":22},"end":{"line":55,"column":76}},"21":{"start":{"line":56,"column":6},"end":{"line":56,"column":null}},"22":{"start":{"line":57,"column":6},"end":{"line":57,"column":null}},"23":{"start":{"line":63,"column":27},"end":{"line":93,"column":null}},"24":{"start":{"line":64,"column":30},"end":{"line":64,"column":39}},"25":{"start":{"line":67,"column":6},"end":{"line":71,"column":null}},"26":{"start":{"line":68,"column":8},"end":{"line":68,"column":null}},"27":{"start":{"line":70,"column":8},"end":{"line":70,"column":null}},"28":{"start":{"line":73,"column":37},"end":{"line":73,"column":41}},"29":{"start":{"line":74,"column":6},"end":{"line":76,"column":null}},"30":{"start":{"line":75,"column":8},"end":{"line":75,"column":null}},"31":{"start":{"line":78,"column":16},"end":{"line":78,"column":18}},"32":{"start":{"line":79,"column":6},"end":{"line":81,"column":null}},"33":{"start":{"line":80,"column":8},"end":{"line":80,"column":null}},"34":{"start":{"line":83,"column":6},"end":{"line":85,"column":null}},"35":{"start":{"line":84,"column":8},"end":{"line":84,"column":null}},"36":{"start":{"line":87,"column":6},"end":{"line":89,"column":null}},"37":{"start":{"line":88,"column":8},"end":{"line":88,"column":null}},"38":{"start":{"line":91,"column":6},"end":{"line":91,"column":null}},"39":{"start":{"line":92,"column":6},"end":{"line":92,"column":null}},"40":{"start":{"line":98,"column":27},"end":{"line":112,"column":null}},"41":{"start":{"line":100,"column":6},"end":{"line":104,"column":null}},"42":{"start":{"line":101,"column":8},"end":{"line":101,"column":null}},"43":{"start":{"line":103,"column":8},"end":{"line":103,"column":null}},"44":{"start":{"line":107,"column":6},"end":{"line":109,"column":null}},"45":{"start":{"line":108,"column":8},"end":{"line":108,"column":null}},"46":{"start":{"line":111,"column":6},"end":{"line":111,"column":null}},"47":{"start":{"line":116,"column":0},"end":{"line":116,"column":null}}},"fnMap":{"0":{"name":"(anonymous_7)","decl":{"start":{"line":8,"column":10},"end":{"line":8,"column":null}},"loc":{"start":{"line":12,"column":27},"end":{"line":18,"column":null}}},"1":{"name":"(anonymous_8)","decl":{"start":{"line":12,"column":27},"end":{"line":12,"column":null}},"loc":{"start":{"line":12,"column":27},"end":{"line":18,"column":5}}},"2":{"name":"(anonymous_9)","decl":{"start":{"line":19,"column":11},"end":{"line":19,"column":null}},"loc":{"start":{"line":23,"column":29},"end":{"line":25,"column":null}}},"3":{"name":"(anonymous_10)","decl":{"start":{"line":23,"column":29},"end":{"line":23,"column":null}},"loc":{"start":{"line":23,"column":29},"end":{"line":25,"column":5}}},"4":{"name":"(anonymous_11)","decl":{"start":{"line":28,"column":16},"end":{"line":28,"column":null}},"loc":{"start":{"line":32,"column":27},"end":{"line":58,"column":null}}},"5":{"name":"(anonymous_12)","decl":{"start":{"line":32,"column":27},"end":{"line":32,"column":null}},"loc":{"start":{"line":32,"column":27},"end":{"line":58,"column":5}}},"6":{"name":"(anonymous_13)","decl":{"start":{"line":59,"column":16},"end":{"line":59,"column":null}},"loc":{"start":{"line":63,"column":27},"end":{"line":93,"column":null}}},"7":{"name":"(anonymous_14)","decl":{"start":{"line":63,"column":27},"end":{"line":63,"column":null}},"loc":{"start":{"line":63,"column":27},"end":{"line":93,"column":5}}},"8":{"name":"(anonymous_15)","decl":{"start":{"line":94,"column":16},"end":{"line":94,"column":null}},"loc":{"start":{"line":98,"column":27},"end":{"line":112,"column":null}}},"9":{"name":"(anonymous_16)","decl":{"start":{"line":98,"column":27},"end":{"line":98,"column":null}},"loc":{"start":{"line":98,"column":27},"end":{"line":112,"column":5}}}},"branchMap":{"0":{"loc":{"start":{"line":34,"column":6},"end":{"line":38,"column":null}},"type":"if","locations":[{"start":{"line":34,"column":6},"end":{"line":38,"column":null}},{"start":{"line":34,"column":6},"end":{"line":38,"column":null}}]},"1":{"loc":{"start":{"line":41,"column":6},"end":{"line":43,"column":null}},"type":"if","locations":[{"start":{"line":41,"column":6},"end":{"line":43,"column":null}},{"start":{"line":41,"column":6},"end":{"line":43,"column":null}}]},"2":{"loc":{"start":{"line":46,"column":6},"end":{"line":48,"column":null}},"type":"if","locations":[{"start":{"line":46,"column":6},"end":{"line":48,"column":null}},{"start":{"line":46,"column":6},"end":{"line":48,"column":null}}]},"3":{"loc":{"start":{"line":51,"column":6},"end":{"line":53,"column":null}},"type":"if","locations":[{"start":{"line":51,"column":6},"end":{"line":53,"column":null}},{"start":{"line":51,"column":6},"end":{"line":53,"column":null}}]},"4":{"loc":{"start":{"line":74,"column":6},"end":{"line":76,"column":null}},"type":"if","locations":[{"start":{"line":74,"column":6},"end":{"line":76,"column":null}},{"start":{"line":74,"column":6},"end":{"line":76,"column":null}}]},"5":{"loc":{"start":{"line":79,"column":6},"end":{"line":81,"column":null}},"type":"if","locations":[{"start":{"line":79,"column":6},"end":{"line":81,"column":null}},{"start":{"line":79,"column":6},"end":{"line":81,"column":null}}]},"6":{"loc":{"start":{"line":83,"column":6},"end":{"line":85,"column":null}},"type":"if","locations":[{"start":{"line":83,"column":6},"end":{"line":85,"column":null}},{"start":{"line":83,"column":6},"end":{"line":85,"column":null}}]},"7":{"loc":{"start":{"line":87,"column":6},"end":{"line":89,"column":null}},"type":"if","locations":[{"start":{"line":87,"column":6},"end":{"line":89,"column":null}},{"start":{"line":87,"column":6},"end":{"line":89,"column":null}}]},"8":{"loc":{"start":{"line":107,"column":6},"end":{"line":109,"column":null}},"type":"if","locations":[{"start":{"line":107,"column":6},"end":{"line":109,"column":null}},{"start":{"line":107,"column":6},"end":{"line":109,"column":null}}]},"9":{"loc":{"start":{"line":107,"column":28},"end":{"line":107,"column":30}},"type":"cond-expr","locations":[{"start":{"line":107,"column":28},"end":{"line":107,"column":30}},{"start":{"line":107,"column":28},"end":{"line":107,"column":33}}]},"10":{"loc":{"start":{"line":107,"column":6},"end":{"line":107,"column":30}},"type":"binary-expr","locations":[{"start":{"line":107,"column":6},"end":{"line":107,"column":30}},{"start":{"line":107,"column":28},"end":{"line":107,"column":30}}]},"11":{"loc":{"start":{"line":107,"column":21},"end":{"line":107,"column":23}},"type":"cond-expr","locations":[{"start":{"line":107,"column":21},"end":{"line":107,"column":23}},{"start":{"line":107,"column":10},"end":{"line":107,"column":28}}]},"12":{"loc":{"start":{"line":107,"column":10},"end":{"line":107,"column":23}},"type":"binary-expr","locations":[{"start":{"line":107,"column":10},"end":{"line":107,"column":23}},{"start":{"line":107,"column":10},"end":{"line":107,"column":23}}]}},"s":{"0":2,"1":2,"2":2,"3":2,"4":1,"5":1,"6":1,"7":4,"8":4,"9":4,"10":1,"11":3,"12":3,"13":1,"14":2,"15":2,"16":1,"17":2,"18":2,"19":1,"20":2,"21":2,"22":2,"23":2,"24":2,"25":2,"26":2,"27":1,"28":1,"29":1,"30":1,"31":1,"32":1,"33":1,"34":1,"35":1,"36":1,"37":1,"38":1,"39":1,"40":2,"41":2,"42":2,"43":1,"44":1,"45":1,"46":1,"47":2},"f":{"0":2,"1":2,"2":1,"3":1,"4":4,"5":4,"6":2,"7":2,"8":2,"9":2},"b":{"0":[1,3],"1":[1,2],"2":[1,1],"3":[1,1],"4":[1,0],"5":[1,0],"6":[1,0],"7":[1,0],"8":[1,0],"9":[0,1],"10":[1,1],"11":[0,1],"12":[1,1]}}
,"/Users/phil/Desktop/inventory-server/src/schema/resolvers/listResolver.ts": {"path":"/Users/phil/Desktop/inventory-server/src/schema/resolvers/listResolver.ts","statementMap":{"0":{"start":{"line":5,"column":0},"end":{"line":5,"column":41}},"1":{"start":{"line":7,"column":21},"end":{"line":235,"column":null}},"2":{"start":{"line":13,"column":27},"end":{"line":19,"column":null}},"3":{"start":{"line":14,"column":6},"end":{"line":18,"column":null}},"4":{"start":{"line":15,"column":8},"end":{"line":15,"column":null}},"5":{"start":{"line":17,"column":8},"end":{"line":17,"column":null}},"6":{"start":{"line":24,"column":29},"end":{"line":26,"column":null}},"7":{"start":{"line":25,"column":6},"end":{"line":25,"column":null}},"8":{"start":{"line":33,"column":27},"end":{"line":69,"column":null}},"9":{"start":{"line":34,"column":40},"end":{"line":34,"column":49}},"10":{"start":{"line":36,"column":6},"end":{"line":40,"column":null}},"11":{"start":{"line":37,"column":8},"end":{"line":39,"column":null}},"12":{"start":{"line":42,"column":24},"end":{"line":42,"column":72}},"13":{"start":{"line":43,"column":6},"end":{"line":45,"column":null}},"14":{"start":{"line":44,"column":8},"end":{"line":44,"column":null}},"15":{"start":{"line":47,"column":6},"end":{"line":49,"column":null}},"16":{"start":{"line":48,"column":8},"end":{"line":48,"column":null}},"17":{"start":{"line":51,"column":37},"end":{"line":51,"column":41}},"18":{"start":{"line":52,"column":6},"end":{"line":54,"column":null}},"19":{"start":{"line":53,"column":8},"end":{"line":53,"column":null}},"20":{"start":{"line":56,"column":16},"end":{"line":56,"column":18}},"21":{"start":{"line":57,"column":6},"end":{"line":59,"column":null}},"22":{"start":{"line":58,"column":8},"end":{"line":58,"column":null}},"23":{"start":{"line":61,"column":22},"end":{"line":65,"column":8}},"24":{"start":{"line":67,"column":6},"end":{"line":67,"column":null}},"25":{"start":{"line":68,"column":6},"end":{"line":68,"column":null}},"26":{"start":{"line":74,"column":27},"end":{"line":117,"column":null}},"27":{"start":{"line":75,"column":40},"end":{"line":75,"column":49}},"28":{"start":{"line":78,"column":6},"end":{"line":82,"column":null}},"29":{"start":{"line":79,"column":8},"end":{"line":79,"column":null}},"30":{"start":{"line":81,"column":8},"end":{"line":81,"column":null}},"31":{"start":{"line":84,"column":6},"end":{"line":86,"column":null}},"32":{"start":{"line":85,"column":8},"end":{"line":85,"column":null}},"33":{"start":{"line":88,"column":6},"end":{"line":94,"column":null}},"34":{"start":{"line":93,"column":8},"end":{"line":93,"column":null}},"35":{"start":{"line":96,"column":6},"end":{"line":98,"column":null}},"36":{"start":{"line":97,"column":8},"end":{"line":97,"column":null}},"37":{"start":{"line":101,"column":6},"end":{"line":103,"column":null}},"38":{"start":{"line":102,"column":8},"end":{"line":102,"column":null}},"39":{"start":{"line":105,"column":16},"end":{"line":105,"column":18}},"40":{"start":{"line":106,"column":6},"end":{"line":108,"column":null}},"41":{"start":{"line":107,"column":8},"end":{"line":107,"column":null}},"42":{"start":{"line":110,"column":6},"end":{"line":112,"column":null}},"43":{"start":{"line":111,"column":8},"end":{"line":111,"column":null}},"44":{"start":{"line":114,"column":6},"end":{"line":114,"column":null}},"45":{"start":{"line":116,"column":6},"end":{"line":116,"column":null}},"46":{"start":{"line":122,"column":27},"end":{"line":129,"column":null}},"47":{"start":{"line":123,"column":6},"end":{"line":128,"column":null}},"48":{"start":{"line":124,"column":28},"end":{"line":124,"column":68}},"49":{"start":{"line":125,"column":8},"end":{"line":125,"column":null}},"50":{"start":{"line":127,"column":8},"end":{"line":127,"column":null}},"51":{"start":{"line":134,"column":27},"end":{"line":201,"column":null}},"52":{"start":{"line":135,"column":23},"end":{"line":135,"column":32}},"53":{"start":{"line":139,"column":6},"end":{"line":143,"column":null}},"54":{"start":{"line":140,"column":8},"end":{"line":140,"column":null}},"55":{"start":{"line":142,"column":8},"end":{"line":142,"column":null}},"56":{"start":{"line":145,"column":6},"end":{"line":147,"column":null}},"57":{"start":{"line":146,"column":8},"end":{"line":146,"column":null}},"58":{"start":{"line":152,"column":6},"end":{"line":154,"column":null}},"59":{"start":{"line":153,"column":8},"end":{"line":153,"column":null}},"60":{"start":{"line":158,"column":6},"end":{"line":160,"column":null}},"61":{"start":{"line":159,"column":8},"end":{"line":159,"column":null}},"62":{"start":{"line":163,"column":6},"end":{"line":184,"column":null}},"63":{"start":{"line":164,"column":24},"end":{"line":171,"column":null}},"64":{"start":{"line":172,"column":28},"end":{"line":181,"column":null}},"65":{"start":{"line":183,"column":8},"end":{"line":183,"column":null}},"66":{"start":{"line":187,"column":18},"end":{"line":187,"column":23}},"67":{"start":{"line":188,"column":6},"end":{"line":193,"column":null}},"68":{"start":{"line":189,"column":8},"end":{"line":192,"column":null}},"69":{"start":{"line":190,"column":10},"end":{"line":190,"column":null}},"70":{"start":{"line":191,"column":10},"end":{"line":191,"column":null}},"71":{"start":{"line":195,"column":6},"end":{"line":197,"column":null}},"72":{"start":{"line":196,"column":8},"end":{"line":196,"column":null}},"73":{"start":{"line":199,"column":6},"end":{"line":199,"column":null}},"74":{"start":{"line":200,"column":6},"end":{"line":200,"column":null}},"75":{"start":{"line":207,"column":27},"end":{"line":233,"column":null}},"76":{"start":{"line":208,"column":19},"end":{"line":208,"column":65}},"77":{"start":{"line":210,"column":6},"end":{"line":212,"column":null}},"78":{"start":{"line":211,"column":8},"end":{"line":211,"column":null}},"79":{"start":{"line":214,"column":20},"end":{"line":219,"column":8}},"80":{"start":{"line":215,"column":8},"end":{"line":217,"column":null}},"81":{"start":{"line":216,"column":10},"end":{"line":216,"column":null}},"82":{"start":{"line":218,"column":8},"end":{"line":218,"column":null}},"83":{"start":{"line":221,"column":6},"end":{"line":223,"column":null}},"84":{"start":{"line":222,"column":8},"end":{"line":222,"column":null}},"85":{"start":{"line":225,"column":6},"end":{"line":229,"column":null}},"86":{"start":{"line":226,"column":8},"end":{"line":226,"column":null}},"87":{"start":{"line":228,"column":8},"end":{"line":228,"column":null}},"88":{"start":{"line":231,"column":6},"end":{"line":231,"column":null}},"89":{"start":{"line":232,"column":6},"end":{"line":232,"column":null}},"90":{"start":{"line":237,"column":0},"end":{"line":237,"column":null}}},"fnMap":{"0":{"name":"(anonymous_8)","decl":{"start":{"line":9,"column":10},"end":{"line":9,"column":null}},"loc":{"start":{"line":13,"column":27},"end":{"line":19,"column":null}}},"1":{"name":"(anonymous_9)","decl":{"start":{"line":13,"column":27},"end":{"line":13,"column":null}},"loc":{"start":{"line":13,"column":27},"end":{"line":19,"column":5}}},"2":{"name":"(anonymous_10)","decl":{"start":{"line":20,"column":11},"end":{"line":20,"column":null}},"loc":{"start":{"line":24,"column":29},"end":{"line":26,"column":null}}},"3":{"name":"(anonymous_11)","decl":{"start":{"line":24,"column":29},"end":{"line":24,"column":null}},"loc":{"start":{"line":24,"column":29},"end":{"line":26,"column":5}}},"4":{"name":"(anonymous_12)","decl":{"start":{"line":29,"column":16},"end":{"line":29,"column":null}},"loc":{"start":{"line":33,"column":27},"end":{"line":69,"column":null}}},"5":{"name":"(anonymous_13)","decl":{"start":{"line":33,"column":27},"end":{"line":33,"column":null}},"loc":{"start":{"line":33,"column":27},"end":{"line":69,"column":5}}},"6":{"name":"(anonymous_14)","decl":{"start":{"line":70,"column":16},"end":{"line":70,"column":null}},"loc":{"start":{"line":74,"column":27},"end":{"line":117,"column":null}}},"7":{"name":"(anonymous_15)","decl":{"start":{"line":74,"column":27},"end":{"line":74,"column":null}},"loc":{"start":{"line":74,"column":27},"end":{"line":117,"column":5}}},"8":{"name":"(anonymous_16)","decl":{"start":{"line":118,"column":16},"end":{"line":118,"column":null}},"loc":{"start":{"line":122,"column":27},"end":{"line":129,"column":null}}},"9":{"name":"(anonymous_17)","decl":{"start":{"line":122,"column":27},"end":{"line":122,"column":null}},"loc":{"start":{"line":122,"column":27},"end":{"line":129,"column":5}}},"10":{"name":"(anonymous_18)","decl":{"start":{"line":130,"column":19},"end":{"line":130,"column":null}},"loc":{"start":{"line":134,"column":27},"end":{"line":201,"column":null}}},"11":{"name":"(anonymous_19)","decl":{"start":{"line":134,"column":27},"end":{"line":134,"column":null}},"loc":{"start":{"line":134,"column":27},"end":{"line":201,"column":5}}},"12":{"name":"(anonymous_20)","decl":{"start":{"line":188,"column":25},"end":{"line":188,"column":26}},"loc":{"start":{"line":188,"column":40},"end":{"line":193,"column":7}}},"13":{"name":"(anonymous_21)","decl":{"start":{"line":203,"column":24},"end":{"line":203,"column":null}},"loc":{"start":{"line":207,"column":27},"end":{"line":233,"column":null}}},"14":{"name":"(anonymous_22)","decl":{"start":{"line":207,"column":27},"end":{"line":207,"column":null}},"loc":{"start":{"line":207,"column":27},"end":{"line":233,"column":5}}},"15":{"name":"(anonymous_23)","decl":{"start":{"line":214,"column":41},"end":{"line":214,"column":42}},"loc":{"start":{"line":214,"column":56},"end":{"line":219,"column":7}}}},"branchMap":{"0":{"loc":{"start":{"line":36,"column":6},"end":{"line":40,"column":null}},"type":"if","locations":[{"start":{"line":36,"column":6},"end":{"line":40,"column":null}},{"start":{"line":36,"column":6},"end":{"line":40,"column":null}}]},"1":{"loc":{"start":{"line":43,"column":6},"end":{"line":45,"column":null}},"type":"if","locations":[{"start":{"line":43,"column":6},"end":{"line":45,"column":null}},{"start":{"line":43,"column":6},"end":{"line":45,"column":null}}]},"2":{"loc":{"start":{"line":47,"column":6},"end":{"line":49,"column":null}},"type":"if","locations":[{"start":{"line":47,"column":6},"end":{"line":49,"column":null}},{"start":{"line":47,"column":6},"end":{"line":49,"column":null}}]},"3":{"loc":{"start":{"line":47,"column":10},"end":{"line":47,"column":18}},"type":"binary-expr","locations":[{"start":{"line":47,"column":10},"end":{"line":47,"column":18}},{"start":{"line":47,"column":22},"end":{"line":47,"column":45}},{"start":{"line":47,"column":49},"end":{"line":47,"column":73}}]},"4":{"loc":{"start":{"line":52,"column":6},"end":{"line":54,"column":null}},"type":"if","locations":[{"start":{"line":52,"column":6},"end":{"line":54,"column":null}},{"start":{"line":52,"column":6},"end":{"line":54,"column":null}}]},"5":{"loc":{"start":{"line":57,"column":6},"end":{"line":59,"column":null}},"type":"if","locations":[{"start":{"line":57,"column":6},"end":{"line":59,"column":null}},{"start":{"line":57,"column":6},"end":{"line":59,"column":null}}]},"6":{"loc":{"start":{"line":64,"column":26},"end":{"line":64,"column":28}},"type":"cond-expr","locations":[{"start":{"line":64,"column":26},"end":{"line":64,"column":28}},{"start":{"line":64,"column":18},"end":{"line":64,"column":41}}]},"7":{"loc":{"start":{"line":64,"column":18},"end":{"line":64,"column":28}},"type":"binary-expr","locations":[{"start":{"line":64,"column":18},"end":{"line":64,"column":28}},{"start":{"line":64,"column":18},"end":{"line":64,"column":28}}]},"8":{"loc":{"start":{"line":84,"column":6},"end":{"line":86,"column":null}},"type":"if","locations":[{"start":{"line":84,"column":6},"end":{"line":86,"column":null}},{"start":{"line":84,"column":6},"end":{"line":86,"column":null}}]},"9":{"loc":{"start":{"line":88,"column":6},"end":{"line":94,"column":null}},"type":"if","locations":[{"start":{"line":88,"column":6},"end":{"line":94,"column":null}},{"start":{"line":88,"column":6},"end":{"line":94,"column":null}}]},"10":{"loc":{"start":{"line":89,"column":8},"end":{"line":89,"column":16}},"type":"binary-expr","locations":[{"start":{"line":89,"column":8},"end":{"line":89,"column":16}},{"start":{"line":90,"column":8},"end":{"line":90,"column":45}},{"start":{"line":91,"column":8},"end":{"line":91,"column":46}}]},"11":{"loc":{"start":{"line":96,"column":6},"end":{"line":98,"column":null}},"type":"if","locations":[{"start":{"line":96,"column":6},"end":{"line":98,"column":null}},{"start":{"line":96,"column":6},"end":{"line":98,"column":null}}]},"12":{"loc":{"start":{"line":101,"column":6},"end":{"line":103,"column":null}},"type":"if","locations":[{"start":{"line":101,"column":6},"end":{"line":103,"column":null}},{"start":{"line":101,"column":6},"end":{"line":103,"column":null}}]},"13":{"loc":{"start":{"line":106,"column":6},"end":{"line":108,"column":null}},"type":"if","locations":[{"start":{"line":106,"column":6},"end":{"line":108,"column":null}},{"start":{"line":106,"column":6},"end":{"line":108,"column":null}}]},"14":{"loc":{"start":{"line":110,"column":6},"end":{"line":112,"column":null}},"type":"if","locations":[{"start":{"line":110,"column":6},"end":{"line":112,"column":null}},{"start":{"line":110,"column":6},"end":{"line":112,"column":null}}]},"15":{"loc":{"start":{"line":145,"column":6},"end":{"line":147,"column":null}},"type":"if","locations":[{"start":{"line":145,"column":6},"end":{"line":147,"column":null}},{"start":{"line":145,"column":6},"end":{"line":147,"column":null}}]},"16":{"loc":{"start":{"line":152,"column":6},"end":{"line":154,"column":null}},"type":"if","locations":[{"start":{"line":152,"column":6},"end":{"line":154,"column":null}},{"start":{"line":152,"column":6},"end":{"line":154,"column":null}}]},"17":{"loc":{"start":{"line":158,"column":6},"end":{"line":160,"column":null}},"type":"if","locations":[{"start":{"line":158,"column":6},"end":{"line":160,"column":null}},{"start":{"line":158,"column":6},"end":{"line":160,"column":null}}]},"18":{"loc":{"start":{"line":158,"column":10},"end":{"line":158,"column":15}},"type":"binary-expr","locations":[{"start":{"line":158,"column":10},"end":{"line":158,"column":15}},{"start":{"line":158,"column":19},"end":{"line":158,"column":23}}]},"19":{"loc":{"start":{"line":163,"column":6},"end":{"line":184,"column":null}},"type":"if","locations":[{"start":{"line":163,"column":6},"end":{"line":184,"column":null}},{"start":{"line":163,"column":6},"end":{"line":184,"column":null}}]},"20":{"loc":{"start":{"line":189,"column":8},"end":{"line":192,"column":null}},"type":"if","locations":[{"start":{"line":189,"column":8},"end":{"line":192,"column":null}},{"start":{"line":189,"column":8},"end":{"line":192,"column":null}}]},"21":{"loc":{"start":{"line":195,"column":6},"end":{"line":197,"column":null}},"type":"if","locations":[{"start":{"line":195,"column":6},"end":{"line":197,"column":null}},{"start":{"line":195,"column":6},"end":{"line":197,"column":null}}]},"22":{"loc":{"start":{"line":210,"column":6},"end":{"line":212,"column":null}},"type":"if","locations":[{"start":{"line":210,"column":6},"end":{"line":212,"column":null}},{"start":{"line":210,"column":6},"end":{"line":212,"column":null}}]},"23":{"loc":{"start":{"line":215,"column":8},"end":{"line":217,"column":null}},"type":"if","locations":[{"start":{"line":215,"column":8},"end":{"line":217,"column":null}},{"start":{"line":215,"column":8},"end":{"line":217,"column":null}}]},"24":{"loc":{"start":{"line":221,"column":6},"end":{"line":223,"column":null}},"type":"if","locations":[{"start":{"line":221,"column":6},"end":{"line":223,"column":null}},{"start":{"line":221,"column":6},"end":{"line":223,"column":null}}]},"25":{"loc":{"start":{"line":225,"column":6},"end":{"line":229,"column":null}},"type":"if","locations":[{"start":{"line":225,"column":6},"end":{"line":229,"column":null}},{"start":{"line":225,"column":6},"end":{"line":229,"column":null}}]}},"s":{"0":1,"1":1,"2":2,"3":2,"4":2,"5":1,"6":2,"7":2,"8":4,"9":4,"10":4,"11":1,"12":3,"13":3,"14":1,"15":2,"16":1,"17":1,"18":1,"19":1,"20":1,"21":1,"22":1,"23":1,"24":1,"25":1,"26":3,"27":3,"28":3,"29":3,"30":1,"31":2,"32":2,"33":2,"34":1,"35":1,"36":1,"37":1,"38":1,"39":1,"40":1,"41":1,"42":1,"43":1,"44":1,"45":1,"46":2,"47":2,"48":2,"49":1,"50":1,"51":5,"52":5,"53":5,"54":5,"55":1,"56":4,"57":1,"58":3,"59":1,"60":3,"61":2,"62":3,"63":1,"64":1,"65":1,"66":3,"67":3,"68":2,"69":2,"70":2,"71":3,"72":1,"73":3,"74":3,"75":5,"76":5,"77":5,"78":1,"79":4,"80":4,"81":3,"82":1,"83":4,"84":1,"85":3,"86":2,"87":1,"88":3,"89":3,"90":1},"f":{"0":2,"1":2,"2":2,"3":2,"4":4,"5":4,"6":3,"7":3,"8":2,"9":2,"10":5,"11":5,"12":2,"13":5,"14":5,"15":4},"b":{"0":[1,3],"1":[1,2],"2":[1,1],"3":[2,2,2],"4":[1,0],"5":[1,0],"6":[0,1],"7":[1,1],"8":[2,0],"9":[1,1],"10":[2,2,1],"11":[1,0],"12":[1,0],"13":[1,0],"14":[1,0],"15":[1,3],"16":[1,2],"17":[2,1],"18":[3,2],"19":[1,2],"20":[2,0],"21":[1,2],"22":[1,4],"23":[3,1],"24":[1,3],"25":[2,1]}}
,"/Users/phil/Desktop/inventory-server/src/schema/resolvers/rootResolver.ts": {"path":"/Users/phil/Desktop/inventory-server/src/schema/resolvers/rootResolver.ts","statementMap":{"0":{"start":{"line":1,"column":21},"end":{"line":5,"column":null}},"1":{"start":{"line":3,"column":25},"end":{"line":3,"column":38}},"2":{"start":{"line":7,"column":0},"end":{"line":7,"column":null}}},"fnMap":{"0":{"name":"(anonymous_0)","decl":{"start":{"line":3,"column":11},"end":{"line":3,"column":22}},"loc":{"start":{"line":3,"column":25},"end":{"line":3,"column":38}}}},"branchMap":{},"s":{"0":1,"1":1,"2":1},"f":{"0":1},"b":{}}
,"/Users/phil/Desktop/inventory-server/src/utils/logger.ts": {"path":"/Users/phil/Desktop/inventory-server/src/utils/logger.ts","statementMap":{"0":{"start":{"line":1,"column":0},"end":{"line":1,"column":58}},"1":{"start":{"line":3,"column":25},"end":{"line":8,"column":1}},"2":{"start":{"line":4,"column":2},"end":{"line":7,"column":null}},"3":{"start":{"line":3,"column":13},"end":{"line":3,"column":25}},"4":{"start":{"line":10,"column":15},"end":{"line":45,"column":2}},"5":{"start":{"line":47,"column":0},"end":{"line":47,"column":null}}},"fnMap":{"0":{"name":"(anonymous_0)","decl":{"start":{"line":3,"column":25},"end":{"line":3,"column":36}},"loc":{"start":{"line":3,"column":38},"end":{"line":8,"column":1}}}},"branchMap":{},"s":{"0":4,"1":4,"2":1,"3":4,"4":4,"5":4},"f":{"0":1},"b":{}}
,"/Users/phil/Desktop/inventory-server/src/utils/storeUpload.ts": {"path":"/Users/phil/Desktop/inventory-server/src/utils/storeUpload.ts","statementMap":{"0":{"start":{"line":1,"column":0},"end":{"line":1,"column":19}},"1":{"start":{"line":2,"column":0},"end":{"line":2,"column":23}},"2":{"start":{"line":5,"column":0},"end":{"line":5,"column":29}},"3":{"start":{"line":7,"column":20},"end":{"line":34,"column":null}},"4":{"start":{"line":7,"column":68},"end":{"line":34,"column":null}},"5":{"start":{"line":8,"column":51},"end":{"line":8,"column":63}},"6":{"start":{"line":9,"column":17},"end":{"line":9,"column":35}},"7":{"start":{"line":10,"column":13},"end":{"line":10,"column":31}},"8":{"start":{"line":11,"column":19},"end":{"line":11,"column":80}},"9":{"start":{"line":12,"column":15},"end":{"line":12,"column":57}},"10":{"start":{"line":14,"column":2},"end":{"line":31,"column":null}},"11":{"start":{"line":15,"column":4},"end":{"line":28,"column":null}},"12":{"start":{"line":16,"column":26},"end":{"line":16,"column":56}},"13":{"start":{"line":18,"column":6},"end":{"line":18,"column":null}},"14":{"start":{"line":20,"column":6},"end":{"line":24,"column":null}},"15":{"start":{"line":21,"column":8},"end":{"line":23,"column":null}},"16":{"start":{"line":22,"column":10},"end":{"line":22,"column":null}},"17":{"start":{"line":25,"column":6},"end":{"line":25,"column":null}},"18":{"start":{"line":25,"column":36},"end":{"line":25,"column":62}},"19":{"start":{"line":27,"column":6},"end":{"line":27,"column":null}},"20":{"start":{"line":30,"column":4},"end":{"line":30,"column":null}},"21":{"start":{"line":33,"column":2},"end":{"line":33,"column":null}},"22":{"start":{"line":35,"column":0},"end":{"line":35,"column":null}}},"fnMap":{"0":{"name":"(anonymous_8)","decl":{"start":{"line":7,"column":20},"end":{"line":7,"column":27}},"loc":{"start":{"line":7,"column":68},"end":{"line":34,"column":null}}},"1":{"name":"(anonymous_9)","decl":{"start":{"line":7,"column":68},"end":{"line":7,"column":null}},"loc":{"start":{"line":7,"column":68},"end":{"line":34,"column":1}}},"2":{"name":"(anonymous_10)","decl":{"start":{"line":15,"column":22},"end":{"line":15,"column":23}},"loc":{"start":{"line":15,"column":42},"end":{"line":28,"column":5}}},"3":{"name":"(anonymous_11)","decl":{"start":{"line":20,"column":30},"end":{"line":20,"column":31}},"loc":{"start":{"line":20,"column":40},"end":{"line":24,"column":7}}},"4":{"name":"(anonymous_12)","decl":{"start":{"line":21,"column":28},"end":{"line":21,"column":31}},"loc":{"start":{"line":21,"column":33},"end":{"line":23,"column":9}}},"5":{"name":"(anonymous_13)","decl":{"start":{"line":25,"column":25},"end":{"line":25,"column":26}},"loc":{"start":{"line":25,"column":36},"end":{"line":25,"column":62}}}},"branchMap":{},"s":{"0":1,"1":1,"2":1,"3":1,"4":2,"5":2,"6":2,"7":2,"8":2,"9":2,"10":2,"11":2,"12":2,"13":2,"14":2,"15":1,"16":1,"17":2,"18":1,"19":2,"20":1,"21":1,"22":1},"f":{"0":2,"1":2,"2":2,"3":1,"4":1,"5":1},"b":{}}
,"/Users/phil/Desktop/inventory-server/src/utils/uploadToCloud.ts": {"path":"/Users/phil/Desktop/inventory-server/src/utils/uploadToCloud.ts","statementMap":{"0":{"start":{"line":1,"column":0},"end":{"line":1,"column":35}},"1":{"start":{"line":5,"column":22},"end":{"line":21,"column":null}},"2":{"start":{"line":8,"column":21},"end":{"line":21,"column":null}},"3":{"start":{"line":9,"column":2},"end":{"line":13,"column":null}},"4":{"start":{"line":15,"column":2},"end":{"line":20,"column":null}},"5":{"start":{"line":16,"column":26},"end":{"line":16,"column":73}},"6":{"start":{"line":17,"column":4},"end":{"line":17,"column":null}},"7":{"start":{"line":19,"column":4},"end":{"line":19,"column":null}},"8":{"start":{"line":23,"column":27},"end":{"line":43,"column":null}},"9":{"start":{"line":26,"column":18},"end":{"line":43,"column":null}},"10":{"start":{"line":27,"column":2},"end":{"line":31,"column":null}},"11":{"start":{"line":33,"column":19},"end":{"line":33,"column":48}},"12":{"start":{"line":34,"column":17},"end":{"line":34,"column":42}},"13":{"start":{"line":35,"column":18},"end":{"line":35,"column":54}},"14":{"start":{"line":37,"column":2},"end":{"line":42,"column":null}},"15":{"start":{"line":38,"column":16},"end":{"line":38,"column":61}},"16":{"start":{"line":39,"column":4},"end":{"line":39,"column":null}},"17":{"start":{"line":41,"column":4},"end":{"line":41,"column":null}},"18":{"start":{"line":23,"column":13},"end":{"line":23,"column":27}},"19":{"start":{"line":45,"column":0},"end":{"line":45,"column":null}}},"fnMap":{"0":{"name":"(anonymous_8)","decl":{"start":{"line":5,"column":22},"end":{"line":5,"column":null}},"loc":{"start":{"line":8,"column":21},"end":{"line":21,"column":null}}},"1":{"name":"(anonymous_9)","decl":{"start":{"line":8,"column":21},"end":{"line":8,"column":null}},"loc":{"start":{"line":8,"column":21},"end":{"line":21,"column":1}}},"2":{"name":"(anonymous_10)","decl":{"start":{"line":23,"column":27},"end":{"line":23,"column":null}},"loc":{"start":{"line":26,"column":18},"end":{"line":43,"column":null}}},"3":{"name":"(anonymous_11)","decl":{"start":{"line":26,"column":18},"end":{"line":26,"column":null}},"loc":{"start":{"line":26,"column":18},"end":{"line":43,"column":1}}}},"branchMap":{},"s":{"0":1,"1":1,"2":2,"3":2,"4":2,"5":2,"6":1,"7":1,"8":1,"9":2,"10":2,"11":2,"12":2,"13":2,"14":2,"15":2,"16":1,"17":1,"18":1,"19":1},"f":{"0":2,"1":2,"2":2,"3":2},"b":{}}
}
