{"/Users/phil/Desktop/inventory-server/src/DBHelper.ts": {"path":"/Users/phil/Desktop/inventory-server/src/DBHelper.ts","statementMap":{"0":{"start":{"line":1,"column":0},"end":{"line":1,"column":45}},"1":{"start":{"line":2,"column":0},"end":{"line":2,"column":35}},"2":{"start":{"line":9,"column":4},"end":{"line":9,"column":null}},"3":{"start":{"line":13,"column":20},"end":{"line":18,"column":null}},"4":{"start":{"line":20,"column":4},"end":{"line":31,"column":null}},"5":{"start":{"line":21,"column":19},"end":{"line":21,"column":70}},"6":{"start":{"line":22,"column":6},"end":{"line":24,"column":null}},"7":{"start":{"line":23,"column":8},"end":{"line":23,"column":null}},"8":{"start":{"line":25,"column":6},"end":{"line":25,"column":null}},"9":{"start":{"line":27,"column":6},"end":{"line":29,"column":null}},"10":{"start":{"line":30,"column":6},"end":{"line":30,"column":null}},"11":{"start":{"line":35,"column":4},"end":{"line":46,"column":null}},"12":{"start":{"line":36,"column":6},"end":{"line":36,"column":null}},"13":{"start":{"line":37,"column":6},"end":{"line":39,"column":null}},"14":{"start":{"line":38,"column":8},"end":{"line":38,"column":null}},"15":{"start":{"line":40,"column":6},"end":{"line":40,"column":null}},"16":{"start":{"line":42,"column":6},"end":{"line":44,"column":null}},"17":{"start":{"line":45,"column":6},"end":{"line":45,"column":null}},"18":{"start":{"line":49,"column":0},"end":{"line":49,"column":null}}},"fnMap":{"0":{"name":"(anonymous_8)","decl":{"start":{"line":8,"column":2},"end":{"line":8,"column":14}},"loc":{"start":{"line":8,"column":28},"end":{"line":10,"column":3}}},"1":{"name":"(anonymous_9)","decl":{"start":{"line":12,"column":15},"end":{"line":12,"column":26}},"loc":{"start":{"line":12,"column":26},"end":{"line":32,"column":null}}},"2":{"name":"(anonymous_11)","decl":{"start":{"line":34,"column":15},"end":{"line":34,"column":31}},"loc":{"start":{"line":34,"column":31},"end":{"line":47,"column":null}}}},"branchMap":{"0":{"loc":{"start":{"line":22,"column":6},"end":{"line":24,"column":null}},"type":"if","locations":[{"start":{"line":22,"column":6},"end":{"line":24,"column":null}},{"start":{"line":22,"column":6},"end":{"line":24,"column":null}}]},"1":{"loc":{"start":{"line":37,"column":6},"end":{"line":39,"column":null}},"type":"if","locations":[{"start":{"line":37,"column":6},"end":{"line":39,"column":null}},{"start":{"line":37,"column":6},"end":{"line":39,"column":null}}]}},"s":{"0":2,"1":2,"2":2,"3":2,"4":2,"5":2,"6":2,"7":0,"8":2,"9":0,"10":0,"11":3,"12":3,"13":3,"14":0,"15":3,"16":0,"17":0,"18":2},"f":{"0":2,"1":2,"2":3},"b":{"0":[0,2],"1":[0,3]}}
,"/Users/phil/Desktop/inventory-server/src/config.jenkins.ts": {"path":"/Users/phil/Desktop/inventory-server/src/config.jenkins.ts","statementMap":{"0":{"start":{"line":1,"column":15},"end":{"line":11,"column":null}},"1":{"start":{"line":13,"column":0},"end":{"line":13,"column":null}}},"fnMap":{},"branchMap":{},"s":{"0":3,"1":3},"f":{},"b":{}}
,"/Users/phil/Desktop/inventory-server/src/models/Item.ts": {"path":"/Users/phil/Desktop/inventory-server/src/models/Item.ts","statementMap":{"0":{"start":{"line":1,"column":0},"end":{"line":1,"column":43}},"1":{"start":{"line":3,"column":19},"end":{"line":16,"column":null}},"2":{"start":{"line":19,"column":0},"end":{"line":21,"column":null}},"3":{"start":{"line":20,"column":2},"end":{"line":20,"column":null}},"4":{"start":{"line":23,"column":13},"end":{"line":23,"column":null}}},"fnMap":{"0":{"name":"(anonymous_6)","decl":{"start":{"line":19,"column":29},"end":{"line":19,"column":null}},"loc":{"start":{"line":19,"column":29},"end":{"line":21,"column":1}}}},"branchMap":{},"s":{"0":1,"1":1,"2":1,"3":4,"4":1},"f":{"0":4},"b":{}}
,"/Users/phil/Desktop/inventory-server/src/schema/resolvers/itemResolver.ts": {"path":"/Users/phil/Desktop/inventory-server/src/schema/resolvers/itemResolver.ts","statementMap":{"0":{"start":{"line":6,"column":21},"end":{"line":122,"column":null}},"1":{"start":{"line":12,"column":27},"end":{"line":18,"column":null}},"2":{"start":{"line":13,"column":6},"end":{"line":17,"column":null}},"3":{"start":{"line":14,"column":8},"end":{"line":14,"column":null}},"4":{"start":{"line":16,"column":8},"end":{"line":16,"column":null}},"5":{"start":{"line":23,"column":29},"end":{"line":25,"column":null}},"6":{"start":{"line":24,"column":6},"end":{"line":24,"column":null}},"7":{"start":{"line":32,"column":27},"end":{"line":66,"column":null}},"8":{"start":{"line":33,"column":30},"end":{"line":33,"column":39}},"9":{"start":{"line":34,"column":6},"end":{"line":38,"column":null}},"10":{"start":{"line":35,"column":8},"end":{"line":37,"column":null}},"11":{"start":{"line":40,"column":24},"end":{"line":40,"column":72}},"12":{"start":{"line":41,"column":6},"end":{"line":43,"column":null}},"13":{"start":{"line":42,"column":8},"end":{"line":42,"column":null}},"14":{"start":{"line":45,"column":37},"end":{"line":45,"column":41}},"15":{"start":{"line":46,"column":6},"end":{"line":52,"column":null}},"16":{"start":{"line":47,"column":8},"end":{"line":51,"column":null}},"17":{"start":{"line":48,"column":10},"end":{"line":48,"column":null}},"18":{"start":{"line":50,"column":10},"end":{"line":50,"column":null}},"19":{"start":{"line":54,"column":16},"end":{"line":54,"column":18}},"20":{"start":{"line":55,"column":6},"end":{"line":61,"column":null}},"21":{"start":{"line":56,"column":8},"end":{"line":60,"column":null}},"22":{"start":{"line":57,"column":10},"end":{"line":57,"column":null}},"23":{"start":{"line":59,"column":10},"end":{"line":59,"column":null}},"24":{"start":{"line":63,"column":22},"end":{"line":63,"column":76}},"25":{"start":{"line":64,"column":6},"end":{"line":64,"column":null}},"26":{"start":{"line":65,"column":6},"end":{"line":65,"column":null}},"27":{"start":{"line":71,"column":27},"end":{"line":107,"column":null}},"28":{"start":{"line":72,"column":30},"end":{"line":72,"column":39}},"29":{"start":{"line":74,"column":24},"end":{"line":74,"column":47}},"30":{"start":{"line":75,"column":6},"end":{"line":77,"column":null}},"31":{"start":{"line":76,"column":8},"end":{"line":76,"column":null}},"32":{"start":{"line":79,"column":37},"end":{"line":79,"column":41}},"33":{"start":{"line":80,"column":6},"end":{"line":86,"column":null}},"34":{"start":{"line":81,"column":8},"end":{"line":85,"column":null}},"35":{"start":{"line":82,"column":10},"end":{"line":82,"column":null}},"36":{"start":{"line":84,"column":10},"end":{"line":84,"column":null}},"37":{"start":{"line":88,"column":16},"end":{"line":88,"column":18}},"38":{"start":{"line":89,"column":6},"end":{"line":95,"column":null}},"39":{"start":{"line":90,"column":8},"end":{"line":94,"column":null}},"40":{"start":{"line":91,"column":10},"end":{"line":91,"column":null}},"41":{"start":{"line":93,"column":10},"end":{"line":93,"column":null}},"42":{"start":{"line":97,"column":6},"end":{"line":99,"column":null}},"43":{"start":{"line":98,"column":8},"end":{"line":98,"column":null}},"44":{"start":{"line":101,"column":6},"end":{"line":103,"column":null}},"45":{"start":{"line":102,"column":8},"end":{"line":102,"column":null}},"46":{"start":{"line":105,"column":6},"end":{"line":105,"column":null}},"47":{"start":{"line":106,"column":6},"end":{"line":106,"column":null}},"48":{"start":{"line":112,"column":27},"end":{"line":120,"column":null}},"49":{"start":{"line":113,"column":26},"end":{"line":113,"column":66}},"50":{"start":{"line":115,"column":6},"end":{"line":117,"column":null}},"51":{"start":{"line":116,"column":8},"end":{"line":116,"column":null}},"52":{"start":{"line":119,"column":6},"end":{"line":119,"column":null}},"53":{"start":{"line":124,"column":0},"end":{"line":124,"column":null}}},"fnMap":{"0":{"name":"(anonymous_7)","decl":{"start":{"line":8,"column":10},"end":{"line":8,"column":null}},"loc":{"start":{"line":12,"column":27},"end":{"line":18,"column":null}}},"1":{"name":"(anonymous_8)","decl":{"start":{"line":12,"column":27},"end":{"line":12,"column":null}},"loc":{"start":{"line":12,"column":27},"end":{"line":18,"column":5}}},"2":{"name":"(anonymous_9)","decl":{"start":{"line":19,"column":11},"end":{"line":19,"column":null}},"loc":{"start":{"line":23,"column":29},"end":{"line":25,"column":null}}},"3":{"name":"(anonymous_10)","decl":{"start":{"line":23,"column":29},"end":{"line":23,"column":null}},"loc":{"start":{"line":23,"column":29},"end":{"line":25,"column":5}}},"4":{"name":"(anonymous_11)","decl":{"start":{"line":28,"column":16},"end":{"line":28,"column":null}},"loc":{"start":{"line":32,"column":27},"end":{"line":66,"column":null}}},"5":{"name":"(anonymous_12)","decl":{"start":{"line":32,"column":27},"end":{"line":32,"column":null}},"loc":{"start":{"line":32,"column":27},"end":{"line":66,"column":5}}},"6":{"name":"(anonymous_13)","decl":{"start":{"line":67,"column":16},"end":{"line":67,"column":null}},"loc":{"start":{"line":71,"column":27},"end":{"line":107,"column":null}}},"7":{"name":"(anonymous_14)","decl":{"start":{"line":71,"column":27},"end":{"line":71,"column":null}},"loc":{"start":{"line":71,"column":27},"end":{"line":107,"column":5}}},"8":{"name":"(anonymous_15)","decl":{"start":{"line":108,"column":16},"end":{"line":108,"column":null}},"loc":{"start":{"line":112,"column":27},"end":{"line":120,"column":null}}},"9":{"name":"(anonymous_16)","decl":{"start":{"line":112,"column":27},"end":{"line":112,"column":null}},"loc":{"start":{"line":112,"column":27},"end":{"line":120,"column":5}}}},"branchMap":{"0":{"loc":{"start":{"line":34,"column":6},"end":{"line":38,"column":null}},"type":"if","locations":[{"start":{"line":34,"column":6},"end":{"line":38,"column":null}},{"start":{"line":34,"column":6},"end":{"line":38,"column":null}}]},"1":{"loc":{"start":{"line":41,"column":6},"end":{"line":43,"column":null}},"type":"if","locations":[{"start":{"line":41,"column":6},"end":{"line":43,"column":null}},{"start":{"line":41,"column":6},"end":{"line":43,"column":null}}]},"2":{"loc":{"start":{"line":46,"column":6},"end":{"line":52,"column":null}},"type":"if","locations":[{"start":{"line":46,"column":6},"end":{"line":52,"column":null}},{"start":{"line":46,"column":6},"end":{"line":52,"column":null}}]},"3":{"loc":{"start":{"line":55,"column":6},"end":{"line":61,"column":null}},"type":"if","locations":[{"start":{"line":55,"column":6},"end":{"line":61,"column":null}},{"start":{"line":55,"column":6},"end":{"line":61,"column":null}}]},"4":{"loc":{"start":{"line":75,"column":6},"end":{"line":77,"column":null}},"type":"if","locations":[{"start":{"line":75,"column":6},"end":{"line":77,"column":null}},{"start":{"line":75,"column":6},"end":{"line":77,"column":null}}]},"5":{"loc":{"start":{"line":80,"column":6},"end":{"line":86,"column":null}},"type":"if","locations":[{"start":{"line":80,"column":6},"end":{"line":86,"column":null}},{"start":{"line":80,"column":6},"end":{"line":86,"column":null}}]},"6":{"loc":{"start":{"line":89,"column":6},"end":{"line":95,"column":null}},"type":"if","locations":[{"start":{"line":89,"column":6},"end":{"line":95,"column":null}},{"start":{"line":89,"column":6},"end":{"line":95,"column":null}}]},"7":{"loc":{"start":{"line":97,"column":6},"end":{"line":99,"column":null}},"type":"if","locations":[{"start":{"line":97,"column":6},"end":{"line":99,"column":null}},{"start":{"line":97,"column":6},"end":{"line":99,"column":null}}]},"8":{"loc":{"start":{"line":101,"column":6},"end":{"line":103,"column":null}},"type":"if","locations":[{"start":{"line":101,"column":6},"end":{"line":103,"column":null}},{"start":{"line":101,"column":6},"end":{"line":103,"column":null}}]},"9":{"loc":{"start":{"line":115,"column":6},"end":{"line":117,"column":null}},"type":"if","locations":[{"start":{"line":115,"column":6},"end":{"line":117,"column":null}},{"start":{"line":115,"column":6},"end":{"line":117,"column":null}}]}},"s":{"0":1,"1":1,"2":1,"3":1,"4":0,"5":1,"6":1,"7":2,"8":2,"9":2,"10":0,"11":2,"12":2,"13":1,"14":1,"15":1,"16":0,"17":0,"18":0,"19":1,"20":1,"21":0,"22":0,"23":0,"24":1,"25":1,"26":1,"27":1,"28":1,"29":1,"30":1,"31":0,"32":1,"33":1,"34":0,"35":0,"36":0,"37":1,"38":1,"39":0,"40":0,"41":0,"42":1,"43":1,"44":1,"45":0,"46":1,"47":1,"48":2,"49":2,"50":1,"51":0,"52":1,"53":1},"f":{"0":1,"1":1,"2":1,"3":1,"4":2,"5":2,"6":1,"7":1,"8":2,"9":2},"b":{"0":[0,2],"1":[1,1],"2":[0,1],"3":[0,1],"4":[0,1],"5":[0,1],"6":[0,1],"7":[1,0],"8":[0,1],"9":[0,1]}}
,"/Users/phil/Desktop/inventory-server/src/schema/resolvers/rootResolver.ts": {"path":"/Users/phil/Desktop/inventory-server/src/schema/resolvers/rootResolver.ts","statementMap":{"0":{"start":{"line":1,"column":21},"end":{"line":5,"column":null}},"1":{"start":{"line":3,"column":25},"end":{"line":3,"column":38}},"2":{"start":{"line":7,"column":0},"end":{"line":7,"column":null}}},"fnMap":{"0":{"name":"(anonymous_0)","decl":{"start":{"line":3,"column":11},"end":{"line":3,"column":22}},"loc":{"start":{"line":3,"column":25},"end":{"line":3,"column":38}}}},"branchMap":{},"s":{"0":1,"1":1,"2":1},"f":{"0":1},"b":{}}
,"/Users/phil/Desktop/inventory-server/src/utils/logger.ts": {"path":"/Users/phil/Desktop/inventory-server/src/utils/logger.ts","statementMap":{"0":{"start":{"line":1,"column":0},"end":{"line":1,"column":58}},"1":{"start":{"line":3,"column":25},"end":{"line":8,"column":1}},"2":{"start":{"line":4,"column":2},"end":{"line":7,"column":null}},"3":{"start":{"line":3,"column":13},"end":{"line":3,"column":25}},"4":{"start":{"line":10,"column":15},"end":{"line":45,"column":2}},"5":{"start":{"line":47,"column":0},"end":{"line":47,"column":null}}},"fnMap":{"0":{"name":"(anonymous_0)","decl":{"start":{"line":3,"column":25},"end":{"line":3,"column":36}},"loc":{"start":{"line":3,"column":38},"end":{"line":8,"column":1}}}},"branchMap":{},"s":{"0":3,"1":3,"2":1,"3":3,"4":3,"5":3},"f":{"0":1},"b":{}}
,"/Users/phil/Desktop/inventory-server/src/utils/storeUpload.ts": {"path":"/Users/phil/Desktop/inventory-server/src/utils/storeUpload.ts","statementMap":{"0":{"start":{"line":1,"column":0},"end":{"line":1,"column":19}},"1":{"start":{"line":2,"column":0},"end":{"line":2,"column":23}},"2":{"start":{"line":5,"column":0},"end":{"line":5,"column":29}},"3":{"start":{"line":7,"column":20},"end":{"line":34,"column":null}},"4":{"start":{"line":7,"column":68},"end":{"line":34,"column":null}},"5":{"start":{"line":8,"column":51},"end":{"line":8,"column":63}},"6":{"start":{"line":9,"column":17},"end":{"line":9,"column":35}},"7":{"start":{"line":10,"column":13},"end":{"line":10,"column":31}},"8":{"start":{"line":11,"column":19},"end":{"line":11,"column":80}},"9":{"start":{"line":12,"column":15},"end":{"line":12,"column":57}},"10":{"start":{"line":14,"column":2},"end":{"line":31,"column":null}},"11":{"start":{"line":15,"column":4},"end":{"line":28,"column":null}},"12":{"start":{"line":16,"column":26},"end":{"line":16,"column":56}},"13":{"start":{"line":18,"column":6},"end":{"line":18,"column":null}},"14":{"start":{"line":20,"column":6},"end":{"line":24,"column":null}},"15":{"start":{"line":21,"column":8},"end":{"line":23,"column":null}},"16":{"start":{"line":22,"column":10},"end":{"line":22,"column":null}},"17":{"start":{"line":25,"column":6},"end":{"line":25,"column":null}},"18":{"start":{"line":25,"column":36},"end":{"line":25,"column":62}},"19":{"start":{"line":27,"column":6},"end":{"line":27,"column":null}},"20":{"start":{"line":30,"column":4},"end":{"line":30,"column":null}},"21":{"start":{"line":33,"column":2},"end":{"line":33,"column":null}},"22":{"start":{"line":35,"column":0},"end":{"line":35,"column":null}}},"fnMap":{"0":{"name":"(anonymous_8)","decl":{"start":{"line":7,"column":20},"end":{"line":7,"column":27}},"loc":{"start":{"line":7,"column":68},"end":{"line":34,"column":null}}},"1":{"name":"(anonymous_9)","decl":{"start":{"line":7,"column":68},"end":{"line":7,"column":null}},"loc":{"start":{"line":7,"column":68},"end":{"line":34,"column":1}}},"2":{"name":"(anonymous_10)","decl":{"start":{"line":15,"column":22},"end":{"line":15,"column":23}},"loc":{"start":{"line":15,"column":42},"end":{"line":28,"column":5}}},"3":{"name":"(anonymous_11)","decl":{"start":{"line":20,"column":30},"end":{"line":20,"column":31}},"loc":{"start":{"line":20,"column":40},"end":{"line":24,"column":7}}},"4":{"name":"(anonymous_12)","decl":{"start":{"line":21,"column":28},"end":{"line":21,"column":31}},"loc":{"start":{"line":21,"column":33},"end":{"line":23,"column":9}}},"5":{"name":"(anonymous_13)","decl":{"start":{"line":25,"column":25},"end":{"line":25,"column":26}},"loc":{"start":{"line":25,"column":36},"end":{"line":25,"column":62}}}},"branchMap":{},"s":{"0":2,"1":2,"2":2,"3":2,"4":2,"5":2,"6":2,"7":2,"8":2,"9":2,"10":2,"11":2,"12":2,"13":2,"14":2,"15":1,"16":1,"17":2,"18":1,"19":2,"20":1,"21":1,"22":2},"f":{"0":2,"1":2,"2":2,"3":1,"4":1,"5":1},"b":{}}
,"/Users/phil/Desktop/inventory-server/src/utils/uploadToCloud.ts": {"path":"/Users/phil/Desktop/inventory-server/src/utils/uploadToCloud.ts","statementMap":{"0":{"start":{"line":1,"column":0},"end":{"line":1,"column":35}},"1":{"start":{"line":5,"column":22},"end":{"line":21,"column":null}},"2":{"start":{"line":8,"column":21},"end":{"line":21,"column":null}},"3":{"start":{"line":9,"column":2},"end":{"line":13,"column":null}},"4":{"start":{"line":15,"column":2},"end":{"line":20,"column":null}},"5":{"start":{"line":16,"column":26},"end":{"line":16,"column":73}},"6":{"start":{"line":17,"column":4},"end":{"line":17,"column":null}},"7":{"start":{"line":19,"column":4},"end":{"line":19,"column":null}},"8":{"start":{"line":23,"column":27},"end":{"line":43,"column":null}},"9":{"start":{"line":26,"column":18},"end":{"line":43,"column":null}},"10":{"start":{"line":27,"column":2},"end":{"line":31,"column":null}},"11":{"start":{"line":33,"column":19},"end":{"line":33,"column":48}},"12":{"start":{"line":34,"column":17},"end":{"line":34,"column":42}},"13":{"start":{"line":35,"column":18},"end":{"line":35,"column":54}},"14":{"start":{"line":37,"column":2},"end":{"line":42,"column":null}},"15":{"start":{"line":38,"column":16},"end":{"line":38,"column":61}},"16":{"start":{"line":39,"column":4},"end":{"line":39,"column":null}},"17":{"start":{"line":41,"column":4},"end":{"line":41,"column":null}},"18":{"start":{"line":23,"column":13},"end":{"line":23,"column":27}},"19":{"start":{"line":45,"column":0},"end":{"line":45,"column":null}}},"fnMap":{"0":{"name":"(anonymous_8)","decl":{"start":{"line":5,"column":22},"end":{"line":5,"column":null}},"loc":{"start":{"line":8,"column":21},"end":{"line":21,"column":null}}},"1":{"name":"(anonymous_9)","decl":{"start":{"line":8,"column":21},"end":{"line":8,"column":null}},"loc":{"start":{"line":8,"column":21},"end":{"line":21,"column":1}}},"2":{"name":"(anonymous_10)","decl":{"start":{"line":23,"column":27},"end":{"line":23,"column":null}},"loc":{"start":{"line":26,"column":18},"end":{"line":43,"column":null}}},"3":{"name":"(anonymous_11)","decl":{"start":{"line":26,"column":18},"end":{"line":26,"column":null}},"loc":{"start":{"line":26,"column":18},"end":{"line":43,"column":1}}}},"branchMap":{},"s":{"0":2,"1":2,"2":2,"3":2,"4":2,"5":2,"6":1,"7":1,"8":2,"9":2,"10":2,"11":2,"12":2,"13":2,"14":2,"15":2,"16":1,"17":1,"18":2,"19":2},"f":{"0":2,"1":2,"2":2,"3":2},"b":{}}
}
