TN:
SF:src/DBHelper.ts
FN:8,(anonymous_8)
FN:12,(anonymous_9)
FN:34,(anonymous_11)
FNF:3
FNH:3
FNDA:2,(anonymous_8)
FNDA:2,(anonymous_9)
FNDA:3,(anonymous_11)
DA:1,2
DA:2,2
DA:9,2
DA:13,2
DA:20,2
DA:21,2
DA:22,2
DA:23,0
DA:25,2
DA:27,0
DA:30,0
DA:35,3
DA:36,3
DA:37,3
DA:38,0
DA:40,3
DA:42,0
DA:45,0
DA:49,2
LF:19
LH:13
BRDA:22,0,0,0
BRDA:22,0,1,2
BRDA:37,1,0,0
BRDA:37,1,1,3
BRF:4
BRH:2
end_of_record
TN:
SF:src/config.jenkins.ts
FNF:0
FNH:0
DA:1,3
DA:13,3
LF:2
LH:2
BRF:0
BRH:0
end_of_record
TN:
SF:src/models/Item.ts
FN:19,(anonymous_6)
FNF:1
FNH:1
FNDA:4,(anonymous_6)
DA:1,1
DA:3,1
DA:19,1
DA:20,4
DA:23,1
LF:5
LH:5
BRF:0
BRH:0
end_of_record
TN:
SF:src/schema/resolvers/itemResolver.ts
FN:8,(anonymous_7)
FN:12,(anonymous_8)
FN:19,(anonymous_9)
FN:23,(anonymous_10)
FN:28,(anonymous_11)
FN:32,(anonymous_12)
FN:67,(anonymous_13)
FN:71,(anonymous_14)
FN:108,(anonymous_15)
FN:112,(anonymous_16)
FNF:10
FNH:10
FNDA:1,(anonymous_7)
FNDA:1,(anonymous_8)
FNDA:1,(anonymous_9)
FNDA:1,(anonymous_10)
FNDA:2,(anonymous_11)
FNDA:2,(anonymous_12)
FNDA:1,(anonymous_13)
FNDA:1,(anonymous_14)
FNDA:2,(anonymous_15)
FNDA:2,(anonymous_16)
DA:6,1
DA:12,1
DA:13,1
DA:14,1
DA:16,0
DA:23,1
DA:24,1
DA:32,2
DA:33,2
DA:34,2
DA:35,0
DA:40,2
DA:41,2
DA:42,1
DA:45,1
DA:46,1
DA:47,0
DA:48,0
DA:50,0
DA:54,1
DA:55,1
DA:56,0
DA:57,0
DA:59,0
DA:63,1
DA:64,1
DA:65,1
DA:71,1
DA:72,1
DA:74,1
DA:75,1
DA:76,0
DA:79,1
DA:80,1
DA:81,0
DA:82,0
DA:84,0
DA:88,1
DA:89,1
DA:90,0
DA:91,0
DA:93,0
DA:97,1
DA:98,1
DA:101,1
DA:102,0
DA:105,1
DA:106,1
DA:112,2
DA:113,2
DA:115,1
DA:116,0
DA:119,1
DA:124,1
LF:54
LH:37
BRDA:34,0,0,0
BRDA:34,0,1,2
BRDA:41,1,0,1
BRDA:41,1,1,1
BRDA:46,2,0,0
BRDA:46,2,1,1
BRDA:55,3,0,0
BRDA:55,3,1,1
BRDA:75,4,0,0
BRDA:75,4,1,1
BRDA:80,5,0,0
BRDA:80,5,1,1
BRDA:89,6,0,0
BRDA:89,6,1,1
BRDA:97,7,0,1
BRDA:97,7,1,0
BRDA:101,8,0,0
BRDA:101,8,1,1
BRDA:115,9,0,0
BRDA:115,9,1,1
BRF:20
BRH:11
end_of_record
TN:
SF:src/schema/resolvers/rootResolver.ts
FN:3,(anonymous_0)
FNF:1
FNH:1
FNDA:1,(anonymous_0)
DA:1,1
DA:3,1
DA:7,1
LF:3
LH:3
BRF:0
BRH:0
end_of_record
TN:
SF:src/utils/logger.ts
FN:3,(anonymous_0)
FNF:1
FNH:1
FNDA:1,(anonymous_0)
DA:1,3
DA:3,3
DA:4,1
DA:10,3
DA:47,3
LF:5
LH:5
BRF:0
BRH:0
end_of_record
TN:
SF:src/utils/storeUpload.ts
FN:7,(anonymous_8)
FN:7,(anonymous_9)
FN:15,(anonymous_10)
FN:20,(anonymous_11)
FN:21,(anonymous_12)
FN:25,(anonymous_13)
FNF:6
FNH:6
FNDA:2,(anonymous_8)
FNDA:2,(anonymous_9)
FNDA:2,(anonymous_10)
FNDA:1,(anonymous_11)
FNDA:1,(anonymous_12)
FNDA:1,(anonymous_13)
DA:1,2
DA:2,2
DA:5,2
DA:7,2
DA:8,2
DA:9,2
DA:10,2
DA:11,2
DA:12,2
DA:14,2
DA:15,2
DA:16,2
DA:18,2
DA:20,2
DA:21,1
DA:22,1
DA:25,2
DA:27,2
DA:30,1
DA:33,1
DA:35,2
LF:21
LH:21
BRF:0
BRH:0
end_of_record
TN:
SF:src/utils/uploadToCloud.ts
FN:5,(anonymous_8)
FN:8,(anonymous_9)
FN:23,(anonymous_10)
FN:26,(anonymous_11)
FNF:4
FNH:4
FNDA:2,(anonymous_8)
FNDA:2,(anonymous_9)
FNDA:2,(anonymous_10)
FNDA:2,(anonymous_11)
DA:1,2
DA:5,2
DA:8,2
DA:9,2
DA:15,2
DA:16,2
DA:17,1
DA:19,1
DA:23,2
DA:26,2
DA:27,2
DA:33,2
DA:34,2
DA:35,2
DA:37,2
DA:38,2
DA:39,1
DA:41,1
DA:45,2
LF:19
LH:19
BRF:0
BRH:0
end_of_record
