TN:
SF:src/DBHelper.ts
FN:8,(anonymous_8)
FN:12,(anonymous_9)
FN:34,(anonymous_11)
FNF:3
FNH:3
FNDA:3,(anonymous_8)
FNDA:3,(anonymous_9)
FNDA:4,(anonymous_11)
DA:1,3
DA:2,3
DA:9,3
DA:13,3
DA:20,3
DA:21,3
DA:22,3
DA:23,0
DA:25,3
DA:27,0
DA:30,0
DA:35,4
DA:36,4
DA:37,4
DA:38,0
DA:40,4
DA:42,0
DA:45,0
DA:49,3
LF:19
LH:13
BRDA:22,0,0,0
BRDA:22,0,1,3
BRDA:37,1,0,0
BRDA:37,1,1,4
BRF:4
BRH:2
end_of_record
TN:
SF:src/config.jenkins.ts
FNF:0
FNH:0
DA:1,4
DA:13,4
LF:2
LH:2
BRF:0
BRH:0
end_of_record
TN:
SF:src/models/Item.ts
FN:19,(anonymous_6)
FNF:1
FNH:1
FNDA:18,(anonymous_6)
DA:1,2
DA:3,2
DA:19,2
DA:20,18
DA:23,2
LF:5
LH:5
BRF:0
BRH:0
end_of_record
TN:
SF:src/models/List.ts
FN:40,(anonymous_6)
FNF:1
FNH:1
FNDA:13,(anonymous_6)
DA:1,2
DA:3,2
DA:40,2
DA:41,13
DA:44,2
LF:5
LH:5
BRF:0
BRH:0
end_of_record
TN:
SF:src/schema/resolvers/itemResolver.ts
FN:8,(anonymous_7)
FN:12,(anonymous_8)
FN:19,(anonymous_9)
FN:23,(anonymous_10)
FN:28,(anonymous_11)
FN:32,(anonymous_12)
FN:59,(anonymous_13)
FN:63,(anonymous_14)
FN:94,(anonymous_15)
FN:98,(anonymous_16)
FNF:10
FNH:10
FNDA:2,(anonymous_7)
FNDA:2,(anonymous_8)
FNDA:1,(anonymous_9)
FNDA:1,(anonymous_10)
FNDA:4,(anonymous_11)
FNDA:4,(anonymous_12)
FNDA:2,(anonymous_13)
FNDA:2,(anonymous_14)
FNDA:2,(anonymous_15)
FNDA:2,(anonymous_16)
DA:6,2
DA:12,2
DA:13,2
DA:14,2
DA:16,1
DA:23,1
DA:24,1
DA:32,4
DA:33,4
DA:34,4
DA:35,1
DA:40,3
DA:41,3
DA:42,1
DA:45,2
DA:46,2
DA:47,1
DA:50,2
DA:51,2
DA:52,1
DA:55,2
DA:56,2
DA:57,2
DA:63,2
DA:64,2
DA:67,2
DA:68,2
DA:70,1
DA:73,1
DA:74,1
DA:75,1
DA:78,1
DA:79,1
DA:80,1
DA:83,1
DA:84,1
DA:87,1
DA:88,1
DA:91,1
DA:92,1
DA:98,2
DA:100,2
DA:101,2
DA:103,1
DA:107,1
DA:108,1
DA:111,1
DA:116,2
LF:48
LH:48
BRDA:34,0,0,1
BRDA:34,0,1,3
BRDA:41,1,0,1
BRDA:41,1,1,2
BRDA:46,2,0,1
BRDA:46,2,1,1
BRDA:51,3,0,1
BRDA:51,3,1,1
BRDA:74,4,0,1
BRDA:74,4,1,0
BRDA:79,5,0,1
BRDA:79,5,1,0
BRDA:83,6,0,1
BRDA:83,6,1,0
BRDA:87,7,0,1
BRDA:87,7,1,0
BRDA:107,8,0,1
BRDA:107,8,1,0
BRDA:107,9,0,0
BRDA:107,9,1,1
BRDA:107,10,0,1
BRDA:107,10,1,1
BRDA:107,11,0,0
BRDA:107,11,1,1
BRDA:107,12,0,1
BRDA:107,12,1,1
BRF:26
BRH:19
end_of_record
TN:
SF:src/schema/resolvers/listResolver.ts
FN:9,(anonymous_8)
FN:13,(anonymous_9)
FN:20,(anonymous_10)
FN:24,(anonymous_11)
FN:29,(anonymous_12)
FN:33,(anonymous_13)
FN:70,(anonymous_14)
FN:74,(anonymous_15)
FN:118,(anonymous_16)
FN:122,(anonymous_17)
FN:130,(anonymous_18)
FN:134,(anonymous_19)
FN:188,(anonymous_20)
FN:203,(anonymous_21)
FN:207,(anonymous_22)
FN:214,(anonymous_23)
FNF:16
FNH:16
FNDA:2,(anonymous_8)
FNDA:2,(anonymous_9)
FNDA:2,(anonymous_10)
FNDA:2,(anonymous_11)
FNDA:4,(anonymous_12)
FNDA:4,(anonymous_13)
FNDA:3,(anonymous_14)
FNDA:3,(anonymous_15)
FNDA:2,(anonymous_16)
FNDA:2,(anonymous_17)
FNDA:5,(anonymous_18)
FNDA:5,(anonymous_19)
FNDA:2,(anonymous_20)
FNDA:5,(anonymous_21)
FNDA:5,(anonymous_22)
FNDA:4,(anonymous_23)
DA:5,1
DA:7,1
DA:13,2
DA:14,2
DA:15,2
DA:17,1
DA:24,2
DA:25,2
DA:33,4
DA:34,4
DA:36,4
DA:37,1
DA:42,3
DA:43,3
DA:44,1
DA:47,2
DA:48,1
DA:51,1
DA:52,1
DA:53,1
DA:56,1
DA:57,1
DA:58,1
DA:61,1
DA:67,1
DA:68,1
DA:74,3
DA:75,3
DA:78,3
DA:79,3
DA:81,1
DA:84,2
DA:85,2
DA:88,2
DA:93,1
DA:96,1
DA:97,1
DA:101,1
DA:102,1
DA:105,1
DA:106,1
DA:107,1
DA:110,1
DA:111,1
DA:114,1
DA:116,1
DA:122,2
DA:123,2
DA:124,2
DA:125,1
DA:127,1
DA:134,5
DA:135,5
DA:139,5
DA:140,5
DA:142,1
DA:145,4
DA:146,1
DA:152,3
DA:153,1
DA:158,3
DA:159,2
DA:163,3
DA:164,1
DA:172,1
DA:183,1
DA:187,3
DA:188,3
DA:189,2
DA:190,2
DA:191,2
DA:195,3
DA:196,1
DA:199,3
DA:200,3
DA:207,5
DA:208,5
DA:210,5
DA:211,1
DA:214,4
DA:215,4
DA:216,3
DA:218,1
DA:221,4
DA:222,1
DA:225,3
DA:226,2
DA:228,1
DA:231,3
DA:232,3
DA:237,1
LF:91
LH:91
BRDA:36,0,0,1
BRDA:36,0,1,3
BRDA:43,1,0,1
BRDA:43,1,1,2
BRDA:47,2,0,1
BRDA:47,2,1,1
BRDA:47,3,0,2
BRDA:47,3,1,2
BRDA:47,3,2,2
BRDA:52,4,0,1
BRDA:52,4,1,0
BRDA:57,5,0,1
BRDA:57,5,1,0
BRDA:64,6,0,0
BRDA:64,6,1,1
BRDA:64,7,0,1
BRDA:64,7,1,1
BRDA:84,8,0,2
BRDA:84,8,1,0
BRDA:88,9,0,1
BRDA:88,9,1,1
BRDA:89,10,0,2
BRDA:89,10,1,2
BRDA:89,10,2,1
BRDA:96,11,0,1
BRDA:96,11,1,0
BRDA:101,12,0,1
BRDA:101,12,1,0
BRDA:106,13,0,1
BRDA:106,13,1,0
BRDA:110,14,0,1
BRDA:110,14,1,0
BRDA:145,15,0,1
BRDA:145,15,1,3
BRDA:152,16,0,1
BRDA:152,16,1,2
BRDA:158,17,0,2
BRDA:158,17,1,1
BRDA:158,18,0,3
BRDA:158,18,1,2
BRDA:163,19,0,1
BRDA:163,19,1,2
BRDA:189,20,0,2
BRDA:189,20,1,0
BRDA:195,21,0,1
BRDA:195,21,1,2
BRDA:210,22,0,1
BRDA:210,22,1,4
BRDA:215,23,0,3
BRDA:215,23,1,1
BRDA:221,24,0,1
BRDA:221,24,1,3
BRDA:225,25,0,2
BRDA:225,25,1,1
BRF:54
BRH:45
end_of_record
TN:
SF:src/schema/resolvers/rootResolver.ts
FN:3,(anonymous_0)
FNF:1
FNH:1
FNDA:1,(anonymous_0)
DA:1,1
DA:3,1
DA:7,1
LF:3
LH:3
BRF:0
BRH:0
end_of_record
TN:
SF:src/utils/logger.ts
FN:3,(anonymous_0)
FNF:1
FNH:1
FNDA:1,(anonymous_0)
DA:1,4
DA:3,4
DA:4,1
DA:10,4
DA:47,4
LF:5
LH:5
BRF:0
BRH:0
end_of_record
TN:
SF:src/utils/storeUpload.ts
FN:7,(anonymous_8)
FN:7,(anonymous_9)
FN:15,(anonymous_10)
FN:20,(anonymous_11)
FN:21,(anonymous_12)
FN:25,(anonymous_13)
FNF:6
FNH:6
FNDA:2,(anonymous_8)
FNDA:2,(anonymous_9)
FNDA:2,(anonymous_10)
FNDA:1,(anonymous_11)
FNDA:1,(anonymous_12)
FNDA:1,(anonymous_13)
DA:1,1
DA:2,1
DA:5,1
DA:7,2
DA:8,2
DA:9,2
DA:10,2
DA:11,2
DA:12,2
DA:14,2
DA:15,2
DA:16,2
DA:18,2
DA:20,2
DA:21,1
DA:22,1
DA:25,2
DA:27,2
DA:30,1
DA:33,1
DA:35,1
LF:21
LH:21
BRF:0
BRH:0
end_of_record
TN:
SF:src/utils/uploadToCloud.ts
FN:5,(anonymous_8)
FN:8,(anonymous_9)
FN:23,(anonymous_10)
FN:26,(anonymous_11)
FNF:4
FNH:4
FNDA:2,(anonymous_8)
FNDA:2,(anonymous_9)
FNDA:2,(anonymous_10)
FNDA:2,(anonymous_11)
DA:1,1
DA:5,1
DA:8,2
DA:9,2
DA:15,2
DA:16,2
DA:17,1
DA:19,1
DA:23,1
DA:26,2
DA:27,2
DA:33,2
DA:34,2
DA:35,2
DA:37,2
DA:38,2
DA:39,1
DA:41,1
DA:45,1
LF:19
LH:19
BRF:0
BRH:0
end_of_record
